[19:14:23] [ServerMain/INFO]: Building unoptimized datafixer
[19:14:25] [ServerMain/INFO]: Environment: authHost='https://authserver.mojang.com', accountsHost='https://api.mojang.com', sessionHost='https://sessionserver.mojang.com', servicesHost='https://api.minecraftservices.com', name='PROD'
[19:14:26] [ServerMain/INFO]: Loaded 7 recipes
[19:14:28] [Server thread/INFO]: Starting minecraft server version 1.19
[19:14:28] [Server thread/INFO]: Loading properties
[19:14:28] [Server thread/INFO]: This server is running Paper version git-Paper-32 (MC: 1.19) (Implementing API version 1.19-R0.1-SNAPSHOT) (Git: 4c9317c)
[19:14:28] [Server thread/INFO]: Server Ping Player Sample Count: 12
[19:14:28] [Server thread/INFO]: Using 4 threads for Netty based IO
[19:14:29] [Server thread/INFO]: Default game type: ADVENTURE
[19:14:29] [Server thread/INFO]: Generating keypair
[19:14:29] [Server thread/INFO]: Starting Minecraft server on 0.0.0.0:25600
[19:14:29] [Server thread/INFO]: Using epoll channel type
[19:14:29] [Server thread/INFO]: Paper: Using libdeflate (Linux x86_64) compression from Velocity.
[19:14:29] [Server thread/INFO]: Paper: Using OpenSSL 1.1.x (Linux x86_64) cipher from Velocity.
[19:14:29] [Server thread/INFO]: Server permissions file permissions.yml is empty, ignoring it
[19:14:29] [Server thread/WARN]: **** SERVER IS RUNNING IN OFFLINE/INSECURE MODE!
[19:14:29] [Server thread/WARN]: The server will make no attempt to authenticate usernames. Beware.
[19:14:29] [Server thread/WARN]: Whilst this makes it possible to use BungeeCord, unless access to your server is properly restricted, it also opens up the ability for hackers to connect with any username they choose.
[19:14:29] [Server thread/WARN]: Please see http://www.spigotmc.org/wiki/firewall-guide/ for further information.
[19:14:29] [Server thread/WARN]: To change this, set "online-mode" to "true" in the server.properties file.
[19:14:29] [Server thread/INFO]: Preparing level "world"
[19:14:29] [Server thread/INFO]: Preparing start region for dimension minecraft:overworld
[19:14:30] [Server thread/INFO]: Time elapsed: 331 ms
[19:14:30] [Server thread/WARN]: Could not register alias example_panel because it contains commands that do not exist: commandpanel
[19:14:30] [Server thread/WARN]: Could not register alias tfb because it contains commands that do not exist: commandpanel
[19:14:30] [Server thread/WARN]: Could not register alias TFB because it contains commands that do not exist: commandpanel
[19:14:30] [Server thread/INFO]: Running delayed init tasks
[19:14:30] [Server thread/INFO]: Done (1.727s)! For help, type "help"
[19:14:30] [Server thread/INFO]: Timings Reset
